info it worked if it ends with ok
verbose cli [ 'node', '/usr/local/bin/npm', 'docs', 'parseopts' ]
info using npm@1.0.1
info using node@v0.5.0-pre
verbose config file /home/nchambrier/.npmrc
verbose config file /usr/local/etc/npmrc
verbose GET parseopts/latest
verbose raw, before any munging parseopts/latest
verbose url resolving [ 'http://registry.npmjs.org/', './parseopts/latest' ]
verbose url resolved http://registry.npmjs.org/parseopts/latest
verbose url parsed { href: 'http://registry.npmjs.org/parseopts/latest',
verbose url parsed   protocol: 'http:',
verbose url parsed   slashes: true,
verbose url parsed   host: 'registry.npmjs.org',
verbose url parsed   hostname: 'registry.npmjs.org',
verbose url parsed   pathname: '/parseopts/latest' }
verbose response http://registry.npmjs.org/parseopts/latest
silly chunk {"error":"not_found","reason":"document not found"}
silly chunk 
silly get cb [ 404,
silly get cb   { server: 'CouchDB/1.0.2 (Erlang OTP/R14B)',
silly get cb     date: 'Fri, 06 May 2011 12:10:38 GMT',
silly get cb     'content-type': 'application/json',
silly get cb     'content-length': '52',
silly get cb     'cache-control': 'must-revalidate' } ]
ERR! 404 'parseopts' is not in the npm registry.
ERR! 404 You should bug the author to publish it.
ERR! 404 Note that you can also install from a tarball or folder.
ERR! 
ERR! System Linux 2.6.38-9-generic-pae
ERR! command "node" "/usr/local/bin/npm" "docs" "parseopts"
verbose exit [ 1, true ]
